0 info it worked if it ends with ok
1 verbose cli [ 'node', '/usr/local/bin/npm', 'install', 'grunt', '--save-dev' ]
2 info using npm@2.1.12
3 info using node@v0.10.33
4 warn package.json ethics-follies@0.1.0 No description
5 warn package.json ethics-follies@0.1.0 No repository field.
6 warn package.json ethics-follies@0.1.0 No README data
7 silly cache add args [ 'grunt', null ]
8 verbose cache add spec grunt
9 silly cache add parsed spec { raw: 'grunt',
9 silly cache add   scope: null,
9 silly cache add   name: 'grunt',
9 silly cache add   rawSpec: '',
9 silly cache add   spec: '*',
9 silly cache add   type: 'range' }
10 verbose addNamed grunt@*
11 silly addNamed semver.valid null
12 silly addNamed semver.validRange *
13 silly addNameRange { name: 'grunt', range: '*', hasData: false }
14 silly mapToRegistry name grunt
15 silly mapToRegistry using default registry
16 silly mapToRegistry registry https://registry.npmjs.org/
17 silly mapToRegistry uri https://registry.npmjs.org/grunt
18 verbose addNameRange registry:https://registry.npmjs.org/grunt not in flight; fetching
19 verbose request uri https://registry.npmjs.org/grunt
20 verbose request no auth needed
21 info attempt registry request try #1 at 00:59:57
22 verbose request id 180fc7e9cb5fa84c
23 http request GET https://registry.npmjs.org/grunt
24 http 200 https://registry.npmjs.org/grunt
25 silly get cb [ 200,
25 silly get   { date: 'Sat, 14 Mar 2015 05:59:58 GMT',
25 silly get     server: 'CouchDB/1.5.0 (Erlang OTP/R16B03)',
25 silly get     etag: '"8TNEPIAQAIOD21LZ2HNL83LH9"',
25 silly get     'content-type': 'application/json',
25 silly get     'cache-control': 'max-age=60',
25 silly get     'content-length': '88636',
25 silly get     'accept-ranges': 'bytes',
25 silly get     via: '1.1 varnish',
25 silly get     age: '0',
25 silly get     'x-served-by': 'cache-ord1728-ORD',
25 silly get     'x-cache': 'HIT',
25 silly get     'x-cache-hits': '1',
25 silly get     'x-timer': 'S1426312798.226475,VS0,VE68',
25 silly get     vary: 'Accept',
25 silly get     'keep-alive': 'timeout=10, max=50',
25 silly get     connection: 'Keep-Alive' } ]
26 silly addNameRange number 2 { name: 'grunt', range: '*', hasData: true }
27 silly addNameRange versions [ 'grunt',
27 silly addNameRange   [ '0.1.0',
27 silly addNameRange     '0.1.1',
27 silly addNameRange     '0.1.2',
27 silly addNameRange     '0.2.0',
27 silly addNameRange     '0.2.1',
27 silly addNameRange     '0.2.2',
27 silly addNameRange     '0.2.3',
27 silly addNameRange     '0.2.4',
27 silly addNameRange     '0.2.5',
27 silly addNameRange     '0.2.6',
27 silly addNameRange     '0.2.7',
27 silly addNameRange     '0.2.8',
27 silly addNameRange     '0.2.9',
27 silly addNameRange     '0.2.10',
27 silly addNameRange     '0.2.11',
27 silly addNameRange     '0.2.12',
27 silly addNameRange     '0.2.13',
27 silly addNameRange     '0.2.14',
27 silly addNameRange     '0.2.15',
27 silly addNameRange     '0.3.0',
27 silly addNameRange     '0.3.1',
27 silly addNameRange     '0.3.2',
27 silly addNameRange     '0.3.3',
27 silly addNameRange     '0.3.4',
27 silly addNameRange     '0.3.5',
27 silly addNameRange     '0.3.6',
27 silly addNameRange     '0.3.7',
27 silly addNameRange     '0.3.8',
27 silly addNameRange     '0.3.9',
27 silly addNameRange     '0.3.10',
27 silly addNameRange     '0.3.11',
27 silly addNameRange     '0.3.12',
27 silly addNameRange     '0.3.13',
27 silly addNameRange     '0.3.14',
27 silly addNameRange     '0.3.15',
27 silly addNameRange     '0.3.16',
27 silly addNameRange     '0.3.17',
27 silly addNameRange     '0.4.0',
27 silly addNameRange     '0.4.1',
27 silly addNameRange     '0.4.2',
27 silly addNameRange     '0.4.3',
27 silly addNameRange     '0.4.4',
27 silly addNameRange     '0.4.5',
27 silly addNameRange     '0.3.13-a',
27 silly addNameRange     '0.4.0-a',
27 silly addNameRange     '0.4.0-rc1',
27 silly addNameRange     '0.4.0-rc2',
27 silly addNameRange     '0.4.0-rc3',
27 silly addNameRange     '0.4.0-rc4',
27 silly addNameRange     '0.4.0-rc5',
27 silly addNameRange     '0.4.0-rc6',
27 silly addNameRange     '0.4.0-rc7',
27 silly addNameRange     '0.4.0-rc8' ] ]
28 verbose addNamed grunt@0.4.5
29 silly addNamed semver.valid 0.4.5
30 silly addNamed semver.validRange 0.4.5
31 silly mapToRegistry name grunt
32 silly mapToRegistry using default registry
33 silly mapToRegistry registry https://registry.npmjs.org/
34 silly mapToRegistry uri https://registry.npmjs.org/grunt
35 verbose addRemoteTarball https://registry.npmjs.org/grunt/-/grunt-0.4.5.tgz not in flight; adding
36 verbose addRemoteTarball [ 'https://registry.npmjs.org/grunt/-/grunt-0.4.5.tgz',
36 verbose addRemoteTarball   '56937cd5194324adff6d207631832a9d6ba4e7f0' ]
37 info retry fetch attempt 1 at 00:59:58
38 info attempt registry request try #1 at 00:59:58
39 http fetch GET https://registry.npmjs.org/grunt/-/grunt-0.4.5.tgz
40 http fetch 200 https://registry.npmjs.org/grunt/-/grunt-0.4.5.tgz
41 silly fetchAndShaCheck shasum 56937cd5194324adff6d207631832a9d6ba4e7f0
42 verbose addTmpTarball /var/folders/st/q2msb0g55p5bgcwl0xqr7m340000gn/T/npm-59550-97308c45/registry.npmjs.org/grunt/-/grunt-0.4.5.tgz not in flight; adding
43 verbose addTmpTarball already have metadata; skipping unpack for grunt@0.4.5
44 silly cache afterAdd grunt@0.4.5
45 verbose afterAdd /Users/kylegoetz/.npm/grunt/0.4.5/package/package.json not in flight; writing
46 verbose afterAdd /Users/kylegoetz/.npm/grunt/0.4.5/package/package.json written
47 silly install resolved [ { name: 'grunt',
47 silly install resolved     description: 'The JavaScript Task Runner',
47 silly install resolved     version: '0.4.5',
47 silly install resolved     author: { name: '"Cowboy" Ben Alman', url: 'http://benalman.com/' },
47 silly install resolved     homepage: 'http://gruntjs.com/',
47 silly install resolved     repository: { type: 'git', url: 'git://github.com/gruntjs/grunt.git' },
47 silly install resolved     bugs: { url: 'http://github.com/gruntjs/grunt/issues' },
47 silly install resolved     licenses: [ [Object] ],
47 silly install resolved     main: 'lib/grunt',
47 silly install resolved     scripts: { test: 'grunt test' },
47 silly install resolved     engines: { node: '>= 0.8.0' },
47 silly install resolved     keywords:
47 silly install resolved      [ 'task',
47 silly install resolved        'async',
47 silly install resolved        'cli',
47 silly install resolved        'minify',
47 silly install resolved        'uglify',
47 silly install resolved        'build',
47 silly install resolved        'lodash',
47 silly install resolved        'unit',
47 silly install resolved        'test',
47 silly install resolved        'qunit',
47 silly install resolved        'nodeunit',
47 silly install resolved        'server',
47 silly install resolved        'init',
47 silly install resolved        'scaffold',
47 silly install resolved        'make',
47 silly install resolved        'jake',
47 silly install resolved        'tool' ],
47 silly install resolved     dependencies:
47 silly install resolved      { async: '~0.1.22',
47 silly install resolved        'coffee-script': '~1.3.3',
47 silly install resolved        colors: '~0.6.2',
47 silly install resolved        dateformat: '1.0.2-1.2.3',
47 silly install resolved        eventemitter2: '~0.4.13',
47 silly install resolved        'findup-sync': '~0.1.2',
47 silly install resolved        glob: '~3.1.21',
47 silly install resolved        hooker: '~0.2.3',
47 silly install resolved        'iconv-lite': '~0.2.11',
47 silly install resolved        minimatch: '~0.2.12',
47 silly install resolved        nopt: '~1.0.10',
47 silly install resolved        rimraf: '~2.2.8',
47 silly install resolved        lodash: '~0.9.2',
47 silly install resolved        'underscore.string': '~2.2.1',
47 silly install resolved        which: '~1.0.5',
47 silly install resolved        'js-yaml': '~2.0.5',
47 silly install resolved        exit: '~0.1.1',
47 silly install resolved        getobject: '~0.1.0',
47 silly install resolved        'grunt-legacy-util': '~0.2.0',
47 silly install resolved        'grunt-legacy-log': '~0.1.0' },
47 silly install resolved     devDependencies:
47 silly install resolved      { temporary: '~0.0.4',
47 silly install resolved        'grunt-contrib-jshint': '~0.6.4',
47 silly install resolved        'grunt-contrib-nodeunit': '~0.2.0',
47 silly install resolved        'grunt-contrib-watch': '~0.5.3',
47 silly install resolved        difflet: '~0.2.3',
47 silly install resolved        semver: '2.1.0',
47 silly install resolved        shelljs: '~0.2.5' },
47 silly install resolved     _id: 'grunt@0.4.5',
47 silly install resolved     dist:
47 silly install resolved      { shasum: '56937cd5194324adff6d207631832a9d6ba4e7f0',
47 silly install resolved        tarball: 'http://registry.npmjs.org/grunt/-/grunt-0.4.5.tgz' },
47 silly install resolved     _from: 'grunt@*',
47 silly install resolved     _npmVersion: '1.4.4',
47 silly install resolved     _npmUser: { name: 'cowboy', email: 'cowboy@rj3.net' },
47 silly install resolved     maintainers: [ [Object], [Object] ],
47 silly install resolved     directories: {},
47 silly install resolved     _shasum: '56937cd5194324adff6d207631832a9d6ba4e7f0',
47 silly install resolved     _resolved: 'https://registry.npmjs.org/grunt/-/grunt-0.4.5.tgz' } ]
48 info install grunt@0.4.5 into /Users/kylegoetz/Documents/Workspaces/Ethics-Follies
49 info installOne grunt@0.4.5
50 verbose installOne of grunt to /Users/kylegoetz/Documents/Workspaces/Ethics-Follies not in flight; installing
51 warn locking Error: EACCES, open '/Users/kylegoetz/.npm/_locks/grunt-3f1509b80947f42a.lock'
51 warn locking  /Users/kylegoetz/.npm/_locks/grunt-3f1509b80947f42a.lock failed { [Error: EACCES, open '/Users/kylegoetz/.npm/_locks/grunt-3f1509b80947f42a.lock']
51 warn locking   errno: 3,
51 warn locking   code: 'EACCES',
51 warn locking   path: '/Users/kylegoetz/.npm/_locks/grunt-3f1509b80947f42a.lock' }
52 verbose stack Error: Attempt to unlock /Users/kylegoetz/Documents/Workspaces/Ethics-Follies/node_modules/grunt, which hasn't been locked
52 verbose stack     at unlock (/usr/local/lib/node_modules/npm/lib/utils/locker.js:66:11)
52 verbose stack     at cb (/usr/local/lib/node_modules/npm/lib/install.js:929:5)
52 verbose stack     at /usr/local/lib/node_modules/npm/lib/install.js:933:20
52 verbose stack     at /usr/local/lib/node_modules/npm/lib/utils/locker.js:40:9
52 verbose stack     at cb (/usr/local/lib/node_modules/npm/node_modules/lockfile/lockfile.js:149:38)
52 verbose stack     at /usr/local/lib/node_modules/npm/node_modules/lockfile/lockfile.js:177:38
52 verbose stack     at Object.oncomplete (fs.js:107:15)
53 verbose cwd /Users/kylegoetz/Documents/Workspaces/Ethics-Follies
54 error Darwin 14.0.0
55 error argv "node" "/usr/local/bin/npm" "install" "grunt" "--save-dev"
56 error node v0.10.33
57 error npm  v2.1.12
58 error Attempt to unlock /Users/kylegoetz/Documents/Workspaces/Ethics-Follies/node_modules/grunt, which hasn't been locked
59 error If you need help, you may report this error at:
59 error     <http://github.com/npm/npm/issues>
60 verbose exit [ 1, true ]
